#
# An unexpected error has been detected by Java Runtime Environment:
#
#  Internal Error (c1_Runtime1.cpp:132), pid=5840, tid=5960
#  Error: guarantee(blob != 0,"must create initial code buffer")
#
# Java VM: Java HotSpot(TM) Client VM (11.3-b02 mixed mode windows-x86)
# If you would like to submit a bug report, please visit:
#   http://java.sun.com/webapps/bugreport/crash.jsp
# The crash happened outside the Java Virtual Machine in native code.
# See problematic frame for where to report the bug.
#

---------------  T H R E A D  ---------------

Current thread (0x024cf800):  JavaThread "CompilerThread0" daemon [_thread_in_native, id=5960, stack(0x4abb0000,0x4ac00000)]

Stack: [0x4abb0000,0x4ac00000]
[error occurred during error reporting (printing stack bounds), id 0xc0000005]


Current CompileTask:
C1:  1      java.lang.String.charAt(I)C (33 bytes)


---------------  P R O C E S S  ---------------

Java Threads: ( => current thread )
  0x024d0000 JavaThread "Low Memory Detector" daemon [_thread_blocked, id=572, stack(0x4ac40000,0x4ad40000)]
=>0x024cf800 JavaThread "CompilerThread0" daemon [_thread_in_native, id=5960, stack(0x4abb0000,0x4ac00000)]
  0x024cb400 JavaThread "Attach Listener" daemon [_thread_blocked, id=1380, stack(0x4aa70000,0x4ab70000)]
  0x024c0800 JavaThread "Signal Dispatcher" daemon [_thread_blocked, id=4644, stack(0x4a930000,0x4aa30000)]
  0x024ac000 JavaThread "Finalizer" daemon [_thread_blocked, id=3932, stack(0x4a7f0000,0x4a8f0000)]
  0x024aac00 JavaThread "Reference Handler" daemon [_thread_blocked, id=6152, stack(0x4a6b0000,0x4a7b0000)]
  0x001ca000 JavaThread "main" [_thread_in_vm, id=4008, stack(0x02510000,0x02610000)]

Other Threads:
  0x024a6000 VMThread [stack: 0x4a620000,0x4a670000] [id=6028]
  0x024d1400 WatcherThread [stack: 0x4ad80000,0x4add0000] [id=5288]

VM state:not at safepoint (normal execution)

VM Mutex/Monitor currently owned by a thread: None

Heap
 def new generation   total 960K, used 156K [0x04610000, 0x04710000, 0x094d0000)
  eden space 896K,  17% used [0x04610000, 0x046370c8, 0x046f0000)
  from space 64K,   0% used [0x046f0000, 0x046f0000, 0x04700000)
  to   space 64K,   0% used [0x04700000, 0x04700000, 0x04710000)
 tenured generation   total 4096K, used 0K [0x094d0000, 0x098d0000, 0x44610000)
   the space 4096K,   0% used [0x094d0000, 0x094d0000, 0x094d0200, 0x098d0000)
 compacting perm gen  total 12288K, used 1611K [0x44610000, 0x45210000, 0x48610000)
   the space 12288K,  13% used [0x44610000, 0x447a2d88, 0x447a2e00, 0x45210000)
No shared spaces configured.

Dynamic libraries:
0x00400000 - 0x00424000 	C:\PROGRA~2\Java\jre6\bin\java.exe
0x77e60000 - 0x77fe0000 	C:\Windows\SysWOW64\ntdll.dll
0x76070000 - 0x76180000 	C:\Windows\syswow64\kernel32.dll
0x757a0000 - 0x757e6000 	C:\Windows\syswow64\KERNELBASE.dll
0x75fd0000 - 0x76070000 	C:\Windows\syswow64\ADVAPI32.dll
0x75f20000 - 0x75fcc000 	C:\Windows\syswow64\msvcrt.dll
0x75ed0000 - 0x75ee9000 	C:\Windows\SysWOW64\sechost.dll
0x75b80000 - 0x75c70000 	C:\Windows\syswow64\RPCRT4.dll
0x75540000 - 0x755a0000 	C:\Windows\syswow64\SspiCli.dll
0x75530000 - 0x7553c000 	C:\Windows\syswow64\CRYPTBASE.dll
0x7c340000 - 0x7c396000 	C:\PROGRA~2\Java\jre6\bin\msvcr71.dll
0x6d800000 - 0x6da56000 	C:\PROGRA~2\Java\jre6\bin\client\jvm.dll
0x75cb0000 - 0x75db0000 	C:\Windows\syswow64\USER32.dll
0x755a0000 - 0x75630000 	C:\Windows\syswow64\GDI32.dll
0x75660000 - 0x7566a000 	C:\Windows\syswow64\LPK.dll
0x76400000 - 0x7649d000 	C:\Windows\syswow64\USP10.dll
0x71c20000 - 0x71c52000 	C:\Windows\system32\WINMM.dll
0x762d0000 - 0x76330000 	C:\Windows\system32\IMM32.DLL
0x76330000 - 0x763fc000 	C:\Windows\syswow64\MSCTF.dll
0x73560000 - 0x735ac000 	C:\Windows\system32\apphelp.dll
0x6d290000 - 0x6d298000 	C:\PROGRA~2\Java\jre6\bin\hpi.dll
0x77e30000 - 0x77e35000 	C:\Windows\syswow64\PSAPI.DLL
0x6d7b0000 - 0x6d7bc000 	C:\PROGRA~2\Java\jre6\bin\verify.dll
0x6d330000 - 0x6d34f000 	C:\PROGRA~2\Java\jre6\bin\java.dll
0x6d7f0000 - 0x6d7ff000 	C:\PROGRA~2\Java\jre6\bin\zip.dll

VM Arguments:
jvm_args: -Xmx1024M -Xss1m -Djava.ext.dirs=C:\Users\mahdi\AppData\Local\Android\sdk\build-tools\21.1.2\lib 
java_command: C:\Users\mahdi\AppData\Local\Android\sdk\build-tools\21.1.2\lib\dx.jar --dex --output C:\Users\mahdi\AndroidStudioProjects\Doctor\app\build\intermediates\pre-dexed\debug\internal_impl-21.0.3-bb59de6708adee3cd47863c4547abec45fa33062.jar C:\Users\mahdi\AndroidStudioProjects\Doctor\app\build\intermediates\exploded-aar\com.android.support\support-v4\21.0.3\libs\internal_impl-21.0.3.jar
Launcher Type: SUN_STANDARD

Environment Variables:
PATH=C:\Program Files (x86)\Intel\iCLS Client\;C:\Program Files\Intel\iCLS Client\;C:\Program Files\Common Files\Microsoft Shared\Windows Live;C:\Program Files (x86)\Common Files\Microsoft Shared\Windows Live;C:\Windows\system32;C:\Windows;C:\Windows\System32\Wbem;C:\Windows\System32\WindowsPowerShell\v1.0\;C:\Program Files (x86)\Windows Live\Shared;C:\Program Files (x86)\Intel\OpenCL SDK\2.0\bin\x86;C:\Program Files (x86)\Intel\OpenCL SDK\2.0\bin\x64;C:\Program Files\Intel\Intel(R) Management Engine Components\DAL;C:\Program Files\Intel\Intel(R) Management Engine Components\IPT;C:\Program Files (x86)\Intel\Intel(R) Management Engine Components\DAL;C:\Program Files (x86)\Intel\Intel(R) Management Engine Components\IPT;C:\Program Files (x86)\Common Files\Roxio Shared\DLLShared\;C:\Program Files (x86)\Common Files\Roxio Shared\12.0\DLLShared\;C:\Program Files\MATLAB\R2013a\runtime\win64;C:\Program Files\MATLAB\R2013a\bin
USERNAME=mahdi
OS=Windows_NT
PROCESSOR_IDENTIFIER=Intel64 Family 6 Model 42 Stepping 7, GenuineIntel



---------------  S Y S T E M  ---------------

OS: Windows NT 6.1 Build 7601 Service Pack 1

CPU:total 4 (8 cores per cpu, 2 threads per core) family 6 model 10 stepping 7, cmov, cx8, fxsr, mmx, sse, sse2, sse3, ssse3, ht

Memory: 4k page, physical 4194303k(1066448k free), swap 4194303k(4916k free)

vm_info: Java HotSpot(TM) Client VM (11.3-b02) for windows-x86 JRE (1.6.0_13-b03), built on Mar  9 2009 01:15:24 by "java_re" with MS VC++ 7.1

time: Wed Jan 28 03:57:32 2015
elapsed time: 4 seconds

