#
# An unexpected error has been detected by Java Runtime Environment:
#
# java.lang.OutOfMemoryError: requested 22000 bytes for CodeCache: no room for StubRoutines (2). Out of swap space?
#
#  Internal Error (stubRoutines.cpp:162), pid=6660, tid=6544
#  Error: CodeCache: no room for StubRoutines (2)
#
# Java VM: Java HotSpot(TM) Client VM (11.3-b02 mixed mode, sharing windows-x86)
# If you would like to submit a bug report, please visit:
#   http://java.sun.com/webapps/bugreport/crash.jsp
#

---------------  T H R E A D  ---------------

Current thread (0x00789400):  JavaThread "Unknown thread" [_thread_in_vm, id=6544, stack(0x00430000,0x00480000)]

Stack: [0x00430000,0x00480000]

[error occurred during error reporting (printing native stack), id 0xc0000005]


---------------  P R O C E S S  ---------------

Java Threads: ( => current thread )

Other Threads:

=>0x00789400 (exited) JavaThread "Unknown thread" [_thread_in_vm, id=6544, stack(0x00430000,0x00480000)]

VM state:not at safepoint (normal execution)

VM Mutex/Monitor currently owned by a thread: None

Heap
 def new generation   total 960K, used 17K [0x245f0000, 0x246f0000, 0x24ad0000)
  eden space 896K,   2% used [0x245f0000, 0x245f47c8, 0x246d0000)
  from space 64K,   0% used [0x246d0000, 0x246d0000, 0x246e0000)
  to   space 64K,   0% used [0x246e0000, 0x246e0000, 0x246f0000)
 tenured generation   total 4096K, used 0K [0x24ad0000, 0x24ed0000, 0x285f0000)
   the space 4096K,   0% used [0x24ad0000, 0x24ad0000, 0x24ad0200, 0x24ed0000)
 compacting perm gen  total 12288K, used 1K [0x285f0000, 0x291f0000, 0x2c5f0000)
   the space 12288K,   0% used [0x285f0000, 0x285f07f8, 0x285f0800, 0x291f0000)
    ro space 8192K,  63% used [0x2c5f0000, 0x2cb08810, 0x2cb08a00, 0x2cdf0000)
    rw space 12288K,  53% used [0x2cdf0000, 0x2d45d300, 0x2d45d400, 0x2d9f0000)

Dynamic libraries:
0x00400000 - 0x00424000 	C:\Program Files (x86)\Java\jre6\bin\java.exe
0x77430000 - 0x775b0000 	C:\Windows\SysWOW64\ntdll.dll
0x74e30000 - 0x74f40000 	C:\Windows\syswow64\kernel32.dll
0x74c20000 - 0x74c66000 	C:\Windows\syswow64\KERNELBASE.dll
0x74f50000 - 0x74ff0000 	C:\Windows\syswow64\ADVAPI32.dll
0x753d0000 - 0x7547c000 	C:\Windows\syswow64\msvcrt.dll
0x75db0000 - 0x75dc9000 	C:\Windows\SysWOW64\sechost.dll
0x759c0000 - 0x75ab0000 	C:\Windows\syswow64\RPCRT4.dll
0x74b10000 - 0x74b70000 	C:\Windows\syswow64\SspiCli.dll
0x74b00000 - 0x74b0c000 	C:\Windows\syswow64\CRYPTBASE.dll
0x7c340000 - 0x7c396000 	C:\Program Files (x86)\Java\jre6\bin\msvcr71.dll
0x6d800000 - 0x6da56000 	C:\Program Files (x86)\Java\jre6\bin\client\jvm.dll
0x75bc0000 - 0x75cc0000 	C:\Windows\syswow64\USER32.dll
0x75140000 - 0x751d0000 	C:\Windows\syswow64\GDI32.dll
0x00030000 - 0x0003a000 	C:\Windows\syswow64\LPK.dll
0x74b70000 - 0x74c0d000 	C:\Windows\syswow64\USP10.dll
0x734d0000 - 0x73502000 	C:\Windows\system32\WINMM.dll
0x75cc0000 - 0x75d20000 	C:\Windows\system32\IMM32.DLL
0x75790000 - 0x7585c000 	C:\Windows\syswow64\MSCTF.dll
0x74100000 - 0x7414c000 	C:\Windows\system32\apphelp.dll
0x6d290000 - 0x6d298000 	C:\Program Files (x86)\Java\jre6\bin\hpi.dll
0x74f40000 - 0x74f45000 	C:\Windows\syswow64\PSAPI.DLL
0x6d7b0000 - 0x6d7bc000 	C:\Program Files (x86)\Java\jre6\bin\verify.dll
0x6d330000 - 0x6d34f000 	C:\Program Files (x86)\Java\jre6\bin\java.dll
0x6d7f0000 - 0x6d7ff000 	C:\Program Files (x86)\Java\jre6\bin\zip.dll

VM Arguments:
java_command: <unknown>
Launcher Type: SUN_STANDARD

Environment Variables:
PATH=C:\Program Files (x86)\Intel\iCLS Client\;C:\Program Files\Intel\iCLS Client\;C:\Program Files\Common Files\Microsoft Shared\Windows Live;C:\Program Files (x86)\Common Files\Microsoft Shared\Windows Live;C:\Windows\system32;C:\Windows;C:\Windows\System32\Wbem;C:\Windows\System32\WindowsPowerShell\v1.0\;C:\Program Files (x86)\Windows Live\Shared;C:\Program Files (x86)\Intel\OpenCL SDK\2.0\bin\x86;C:\Program Files (x86)\Intel\OpenCL SDK\2.0\bin\x64;C:\Program Files\Intel\Intel(R) Management Engine Components\DAL;C:\Program Files\Intel\Intel(R) Management Engine Components\IPT;C:\Program Files (x86)\Intel\Intel(R) Management Engine Components\DAL;C:\Program Files (x86)\Intel\Intel(R) Management Engine Components\IPT;C:\Program Files (x86)\Common Files\Roxio Shared\DLLShared\;C:\Program Files (x86)\Common Files\Roxio Shared\12.0\DLLShared\;C:\Program Files\MATLAB\R2013a\runtime\win64;C:\Program Files\MATLAB\R2013a\bin
USERNAME=mahdi
OS=Windows_NT
PROCESSOR_IDENTIFIER=Intel64 Family 6 Model 42 Stepping 7, GenuineIntel



---------------  S Y S T E M  ---------------

OS: Windows NT 6.1 Build 7601 Service Pack 1

CPU:total 4 (8 cores per cpu, 2 threads per core) family 6 model 10 stepping 7, cmov, cx8, fxsr, mmx, sse, sse2, sse3, ssse3, ht

Memory: 4k page, physical 4194303k(951256k free), swap 4194303k(4828k free)

vm_info: Java HotSpot(TM) Client VM (11.3-b02) for windows-x86 JRE (1.6.0_13-b03), built on Mar  9 2009 01:15:24 by "java_re" with MS VC++ 7.1

time: Mon Feb 02 15:35:39 2015
elapsed time: 0 seconds

