#
# An unexpected error has been detected by Java Runtime Environment:
#
# java.lang.OutOfMemoryError: requested 163840 bytes for GrET in C:\BUILD_AREA\jdk6_13\hotspot\src\share\vm\utilities\growableArray.cpp. Out of swap space?
#
#  Internal Error (allocation.inline.hpp:42), pid=6224, tid=5236
#  Error: GrET in C:\BUILD_AREA\jdk6_13\hotspot\src\share\vm\utilities\growableArray.cpp
#
# Java VM: Java HotSpot(TM) Client VM (11.3-b02 mixed mode windows-x86)
# If you would like to submit a bug report, please visit:
#   http://java.sun.com/webapps/bugreport/crash.jsp
#

---------------  T H R E A D  ---------------

Current thread (0x01026000):  VMThread [stack: 0x4a6a0000,0x4a6f0000] [id=5236]

Stack: [0x4a6a0000,0x4a6f0000]
[error occurred during error reporting (printing stack bounds), id 0xc0000005]

VM_Operation (0x0268f3b0): GenCollectForAllocation, mode: safepoint, requested by thread 0x01189800


---------------  P R O C E S S  ---------------

Java Threads: ( => current thread )
  0x0104f800 JavaThread "Low Memory Detector" daemon [_thread_blocked, id=5380, stack(0x4acc0000,0x4adc0000)]
  0x0104b400 JavaThread "CompilerThread0" daemon [_thread_blocked, id=6364, stack(0x4ac30000,0x4ac80000)]
  0x0104a400 JavaThread "Attach Listener" daemon [_thread_blocked, id=5668, stack(0x4aaf0000,0x4abf0000)]
  0x01041c00 JavaThread "Signal Dispatcher" daemon [_thread_blocked, id=6528, stack(0x4a9b0000,0x4aab0000)]
  0x0102b400 JavaThread "Finalizer" daemon [_thread_blocked, id=5660, stack(0x4a870000,0x4a970000)]
  0x0102a000 JavaThread "Reference Handler" daemon [_thread_blocked, id=6776, stack(0x4a730000,0x4a830000)]
  0x01189800 JavaThread "main" [_thread_blocked, id=5036, stack(0x02590000,0x02690000)]

Other Threads:
=>0x01026000 VMThread [stack: 0x4a6a0000,0x4a6f0000] [id=5236]
  0x01050c00 WatcherThread [stack: 0x4ae00000,0x4ae50000] [id=6464]

VM state:at safepoint (normal execution)

VM Mutex/Monitor currently owned by a thread:  ([mutex/lock_event])
[0x01187c30] UNKNOWN - owner thread: 0x01026000
[0x01188090] UNKNOWN - owner thread: 0x01189800

Heap
 def new generation   total 960K, used 63K [0x04690000, 0x04790000, 0x09550000)
  eden space 896K,   0% used [0x04690000, 0x04690000, 0x04770000)
  from space 64K,  99% used [0x04780000, 0x0478fff8, 0x04790000)
  to   space 64K,   0% used [0x04770000, 0x04770000, 0x04780000)
 tenured generation   total 6408K, used 6395K [0x09550000, 0x09b92000, 0x44690000)
   the space 6408K,  99% used [0x09550000, 0x09b8ec78, 0x09b8ee00, 0x09b92000)
 compacting perm gen  total 12288K, used 4140K [0x44690000, 0x45290000, 0x48690000)
   the space 12288K,  33% used [0x44690000, 0x44a9b068, 0x44a9b200, 0x45290000)
No shared spaces configured.

Dynamic libraries:
0x00400000 - 0x00424000 	C:\PROGRA~2\Java\JDK16~1.0_1\bin\java.exe
0x76ff0000 - 0x77170000 	C:\Windows\SysWOW64\ntdll.dll
0x75890000 - 0x759a0000 	C:\Windows\syswow64\kernel32.dll
0x75630000 - 0x75676000 	C:\Windows\syswow64\KERNELBASE.dll
0x75680000 - 0x75720000 	C:\Windows\syswow64\ADVAPI32.dll
0x75de0000 - 0x75e8c000 	C:\Windows\syswow64\msvcrt.dll
0x749b0000 - 0x749c9000 	C:\Windows\SysWOW64\sechost.dll
0x75be0000 - 0x75cd0000 	C:\Windows\syswow64\RPCRT4.dll
0x746d0000 - 0x74730000 	C:\Windows\syswow64\SspiCli.dll
0x746c0000 - 0x746cc000 	C:\Windows\syswow64\CRYPTBASE.dll
0x7c340000 - 0x7c396000 	C:\PROGRA~2\Java\JDK16~1.0_1\jre\bin\msvcr71.dll
0x6d8b0000 - 0x6db06000 	C:\PROGRA~2\Java\JDK16~1.0_1\jre\bin\client\jvm.dll
0x75ce0000 - 0x75de0000 	C:\Windows\syswow64\USER32.dll
0x761c0000 - 0x76250000 	C:\Windows\syswow64\GDI32.dll
0x75cd0000 - 0x75cda000 	C:\Windows\syswow64\LPK.dll
0x763a0000 - 0x7643d000 	C:\Windows\syswow64\USP10.dll
0x72b70000 - 0x72ba2000 	C:\Windows\system32\WINMM.dll
0x75720000 - 0x75780000 	C:\Windows\system32\IMM32.DLL
0x76090000 - 0x7615c000 	C:\Windows\syswow64\MSCTF.dll
0x73cc0000 - 0x73d0c000 	C:\Windows\system32\apphelp.dll
0x6d340000 - 0x6d348000 	C:\PROGRA~2\Java\JDK16~1.0_1\jre\bin\hpi.dll
0x75620000 - 0x75625000 	C:\Windows\syswow64\PSAPI.DLL
0x6d860000 - 0x6d86c000 	C:\PROGRA~2\Java\JDK16~1.0_1\jre\bin\verify.dll
0x6d3e0000 - 0x6d3ff000 	C:\PROGRA~2\Java\JDK16~1.0_1\jre\bin\java.dll
0x6d8a0000 - 0x6d8af000 	C:\PROGRA~2\Java\JDK16~1.0_1\jre\bin\zip.dll

VM Arguments:
jvm_args: -Xmx1024M -Xss1m -Djava.ext.dirs=C:\Users\mahdi\AppData\Local\Android\sdk\build-tools\21.1.2\lib 
java_command: C:\Users\mahdi\AppData\Local\Android\sdk\build-tools\21.1.2\lib\dx.jar --dex --output C:\Users\mahdi\AndroidStudioProjects\Doctor\app\build\intermediates\pre-dexed\debug\google-api-client-1.19.0-c3a1984fb5e136dfef49f981aef1334d4d1572b9.jar C:\Users\mahdi\.gradle\caches\modules-2\files-2.1\com.google.api-client\google-api-client\1.19.0\6a21277d9bebe267b7ddee028b241eebc756c040\google-api-client-1.19.0.jar
Launcher Type: SUN_STANDARD

Environment Variables:
PATH=C:\Program Files (x86)\Intel\iCLS Client\;C:\Program Files\Intel\iCLS Client\;C:\Program Files\Common Files\Microsoft Shared\Windows Live;C:\Program Files (x86)\Common Files\Microsoft Shared\Windows Live;C:\Windows\system32;C:\Windows;C:\Windows\System32\Wbem;C:\Windows\System32\WindowsPowerShell\v1.0\;C:\Program Files (x86)\Windows Live\Shared;C:\Program Files (x86)\Intel\OpenCL SDK\2.0\bin\x86;C:\Program Files (x86)\Intel\OpenCL SDK\2.0\bin\x64;C:\Program Files\Intel\Intel(R) Management Engine Components\DAL;C:\Program Files\Intel\Intel(R) Management Engine Components\IPT;C:\Program Files (x86)\Intel\Intel(R) Management Engine Components\DAL;C:\Program Files (x86)\Intel\Intel(R) Management Engine Components\IPT;C:\Program Files (x86)\Common Files\Roxio Shared\DLLShared\;C:\Program Files (x86)\Common Files\Roxio Shared\12.0\DLLShared\;C:\Program Files\MATLAB\R2013a\runtime\win64;C:\Program Files\MATLAB\R2013a\bin
USERNAME=mahdi
OS=Windows_NT
PROCESSOR_IDENTIFIER=Intel64 Family 6 Model 42 Stepping 7, GenuineIntel



---------------  S Y S T E M  ---------------

OS: Windows NT 6.1 Build 7601 Service Pack 1

CPU:total 4 (8 cores per cpu, 2 threads per core) family 6 model 10 stepping 7, cmov, cx8, fxsr, mmx, sse, sse2, sse3, ssse3, ht

Memory: 4k page, physical 4194303k(1114368k free), swap 4194303k(5248k free)

vm_info: Java HotSpot(TM) Client VM (11.3-b02) for windows-x86 JRE (1.6.0_13-b03), built on Mar  9 2009 01:15:24 by "java_re" with MS VC++ 7.1

time: Sat Jan 31 14:27:19 2015
elapsed time: 8 seconds

