#
# There is insufficient memory for the Java Runtime Environment to continue.
# Native memory allocation (malloc) failed to allocate 386416 bytes for Chunk::new
# Possible reasons:
#   The system is out of physical RAM or swap space
#   In 32 bit mode, the process size limit was hit
# Possible solutions:
#   Reduce memory load on the system
#   Increase physical memory or swap space
#   Check if swap backing store is full
#   Use 64 bit Java on a 64 bit OS
#   Decrease Java heap size (-Xmx/-Xms)
#   Decrease number of Java threads
#   Decrease Java thread stack sizes (-Xss)
#   Set larger code cache with -XX:ReservedCodeCacheSize=
# This output file may be truncated or incomplete.
#
#  Out of Memory Error (allocation.cpp:323), pid=6828, tid=6188
#
# JRE version: Java(TM) SE Runtime Environment (7.0_67-b01) (build 1.7.0_67-b01)
# Java VM: Java HotSpot(TM) 64-Bit Server VM (24.65-b04 mixed mode windows-amd64 compressed oops)
# Failed to write core dump. Minidumps are not enabled by default on client versions of Windows
#

---------------  T H R E A D  ---------------

Current thread (0x00000000085c2000):  JavaThread "C2 CompilerThread1" daemon [_thread_in_native, id=6188, stack(0x0000000009f30000,0x000000000a030000)]

Stack: [0x0000000009f30000,0x000000000a030000]
[error occurred during error reporting (printing stack bounds), id 0xc0000005]


Current CompileTask:
C2:  17908  610             com.android.dx.ssa.back.FirstFitLocalCombiningAllocator::handleCheckCastResults (413 bytes)


---------------  P R O C E S S  ---------------

Java Threads: ( => current thread )
  0x00000000085c3000 JavaThread "Service Thread" daemon [_thread_blocked, id=6360, stack(0x000000000a190000,0x000000000a290000)]
=>0x00000000085c2000 JavaThread "C2 CompilerThread1" daemon [_thread_in_native, id=6188, stack(0x0000000009f30000,0x000000000a030000)]
  0x00000000085c0000 JavaThread "C2 CompilerThread0" daemon [_thread_blocked, id=5944, stack(0x0000000009dd0000,0x0000000009ed0000)]
  0x00000000085bf000 JavaThread "Attach Listener" daemon [_thread_blocked, id=6772, stack(0x00000000098d0000,0x00000000099d0000)]
  0x00000000085b8000 JavaThread "Signal Dispatcher" daemon [_thread_blocked, id=6356, stack(0x0000000009b80000,0x0000000009c80000)]
  0x0000000008567800 JavaThread "Finalizer" daemon [_thread_blocked, id=6468, stack(0x0000000009a10000,0x0000000009b10000)]
  0x0000000008560800 JavaThread "Reference Handler" daemon [_thread_blocked, id=7144, stack(0x0000000009730000,0x0000000009830000)]
  0x00000000024ae000 JavaThread "main" [_thread_in_Java, id=6480, stack(0x0000000002340000,0x0000000002440000)]

Other Threads:
  0x0000000008559000 VMThread [stack: 0x00000000095b0000,0x00000000096b0000] [id=6284]
  0x00000000085d8800 WatcherThread [stack: 0x000000000a3b0000,0x000000000a4b0000] [id=7148]

VM state:not at safepoint (normal execution)

VM Mutex/Monitor currently owned by a thread: None

Heap
 PSYoungGen      total 111104K, used 65042K [0x00000000eaa80000, 0x00000000f2780000, 0x0000000100000000)
  eden space 98816K, 53% used [0x00000000eaa80000,0x00000000ede9bcd0,0x00000000f0b00000)
  from space 12288K, 95% used [0x00000000f1880000,0x00000000f23e8b98,0x00000000f2480000)
  to   space 13824K, 0% used [0x00000000f0b00000,0x00000000f0b00000,0x00000000f1880000)
 ParOldGen       total 64512K, used 22278K [0x00000000c0000000, 0x00000000c3f00000, 0x00000000eaa80000)
  object space 64512K, 34% used [0x00000000c0000000,0x00000000c15c1888,0x00000000c3f00000)
 PSPermGen       total 21504K, used 5550K [0x00000000bae00000, 0x00000000bc300000, 0x00000000c0000000)
  object space 21504K, 25% used [0x00000000bae00000,0x00000000bb36bbc0,0x00000000bc300000)

Card table byte_map: [0x0000000005570000,0x00000000057a0000] byte_map_base: 0x0000000004f99000

Polling page: 0x0000000000130000

Code Cache  [0x00000000024b0000, 0x0000000002720000, 0x00000000054b0000)
 total_blobs=829 nmethods=595 adapters=186 free_code_cache=46897Kb largest_free_block=47916800

Compilation events (10 events):
Event: 17.575 Thread 0x00000000085c0000 nmethod 605 0x00000000025f7310 code [0x00000000025f7440, 0x00000000025f74d8]
Event: 17.583 Thread 0x00000000085c0000  606             com.android.dx.rop.cst.CstNat::isCategory2 (2 bytes)
Event: 17.583 Thread 0x00000000085c0000 nmethod 606 0x00000000025f7110 code [0x00000000025f7240, 0x00000000025f7298]
Event: 17.633 Thread 0x00000000085c0000  607   !         com.android.dx.cf.direct.StdAttributeFactory::parseLocalVariables (274 bytes)
Event: 17.730 Thread 0x00000000085c0000 nmethod 607 0x00000000025c0050 code [0x00000000025c0260, 0x00000000025c1688]
Event: 17.750 Thread 0x00000000085c2000  608             com.android.dx.rop.cst.CstNat::isInstanceInit (13 bytes)
Event: 17.752 Thread 0x00000000085c2000 nmethod 608 0x00000000025f1650 code [0x00000000025f17a0, 0x00000000025f18f8]
Event: 17.764 Thread 0x00000000085c0000  609             com.android.dx.rop.code.PlainCstInsn::withNewRegisters (22 bytes)
Event: 17.770 Thread 0x00000000085c0000 nmethod 609 0x00000000025f10d0 code [0x00000000025f1220, 0x00000000025f13f8]
Event: 17.773 Thread 0x00000000085c2000  610             com.android.dx.ssa.back.FirstFitLocalCombiningAllocator::handleCheckCastResults (413 bytes)

GC Heap History (10 events):
Event: 11.580 GC heap before
{Heap before GC invocations=2 (full 0):
 PSYoungGen      total 28672K, used 28651K [0x00000000eaa80000, 0x00000000eca00000, 0x0000000100000000)
  eden space 25088K, 100% used [0x00000000eaa80000,0x00000000ec300000,0x00000000ec300000)
  from space 3584K, 99% used [0x00000000ec300000,0x00000000ec67aee8,0x00000000ec680000)
  to   space 3584K, 0% used [0x00000000ec680000,0x00000000ec680000,0x00000000eca00000)
 ParOldGen       total 64512K, used 1704K [0x00000000c0000000, 0x00000000c3f00000, 0x00000000eaa80000)
  object space 64512K, 2% used [0x00000000c0000000,0x00000000c01aa2b8,0x00000000c3f00000)
 PSPermGen       total 21504K, used 5419K [0x00000000bae00000, 0x00000000bc300000, 0x00000000c0000000)
  object space 21504K, 25% used [0x00000000bae00000,0x00000000bb34af78,0x00000000bc300000)
Event: 11.596 GC heap after
Heap after GC invocations=2 (full 0):
 PSYoungGen      total 28672K, used 3564K [0x00000000eaa80000, 0x00000000eca00000, 0x0000000100000000)
  eden space 25088K, 0% used [0x00000000eaa80000,0x00000000eaa80000,0x00000000ec300000)
  from space 3584K, 99% used [0x00000000ec680000,0x00000000ec9fb3c8,0x00000000eca00000)
  to   space 3584K, 0% used [0x00000000ec300000,0x00000000ec300000,0x00000000ec680000)
 ParOldGen       total 64512K, used 5518K [0x00000000c0000000, 0x00000000c3f00000, 0x00000000eaa80000)
  object space 64512K, 8% used [0x00000000c0000000,0x00000000c0563ae0,0x00000000c3f00000)
 PSPermGen       total 21504K, used 5419K [0x00000000bae00000, 0x00000000bc300000, 0x00000000c0000000)
  object space 21504K, 25% used [0x00000000bae00000,0x00000000bb34af78,0x00000000bc300000)
}
Event: 12.400 GC heap before
{Heap before GC invocations=3 (full 0):
 PSYoungGen      total 28672K, used 28652K [0x00000000eaa80000, 0x00000000eca00000, 0x0000000100000000)
  eden space 25088K, 100% used [0x00000000eaa80000,0x00000000ec300000,0x00000000ec300000)
  from space 3584K, 99% used [0x00000000ec680000,0x00000000ec9fb3c8,0x00000000eca00000)
  to   space 3584K, 0% used [0x00000000ec300000,0x00000000ec300000,0x00000000ec680000)
 ParOldGen       total 64512K, used 5518K [0x00000000c0000000, 0x00000000c3f00000, 0x00000000eaa80000)
  object space 64512K, 8% used [0x00000000c0000000,0x00000000c0563ae0,0x00000000c3f00000)
 PSPermGen       total 21504K, used 5450K [0x00000000bae00000, 0x00000000bc300000, 0x00000000c0000000)
  object space 21504K, 25% used [0x00000000bae00000,0x00000000bb352840,0x00000000bc300000)
Event: 12.425 GC heap after
Heap after GC invocations=3 (full 0):
 PSYoungGen      total 28672K, used 3582K [0x00000000eaa80000, 0x00000000ee280000, 0x0000000100000000)
  eden space 25088K, 0% used [0x00000000eaa80000,0x00000000eaa80000,0x00000000ec300000)
  from space 3584K, 99% used [0x00000000ec300000,0x00000000ec67f9b0,0x00000000ec680000)
  to   space 3584K, 0% used [0x00000000edf00000,0x00000000edf00000,0x00000000ee280000)
 ParOldGen       total 64512K, used 8834K [0x00000000c0000000, 0x00000000c3f00000, 0x00000000eaa80000)
  object space 64512K, 13% used [0x00000000c0000000,0x00000000c08a0898,0x00000000c3f00000)
 PSPermGen       total 21504K, used 5450K [0x00000000bae00000, 0x00000000bc300000, 0x00000000c0000000)
  object space 21504K, 25% used [0x00000000bae00000,0x00000000bb352840,0x00000000bc300000)
}
Event: 13.708 GC heap before
{Heap before GC invocations=4 (full 0):
 PSYoungGen      total 28672K, used 28670K [0x00000000eaa80000, 0x00000000ee280000, 0x0000000100000000)
  eden space 25088K, 100% used [0x00000000eaa80000,0x00000000ec300000,0x00000000ec300000)
  from space 3584K, 99% used [0x00000000ec300000,0x00000000ec67f9b0,0x00000000ec680000)
  to   space 3584K, 0% used [0x00000000edf00000,0x00000000edf00000,0x00000000ee280000)
 ParOldGen       total 64512K, used 8834K [0x00000000c0000000, 0x00000000c3f00000, 0x00000000eaa80000)
  object space 64512K, 13% used [0x00000000c0000000,0x00000000c08a0898,0x00000000c3f00000)
 PSPermGen       total 21504K, used 5472K [0x00000000bae00000, 0x00000000bc300000, 0x00000000c0000000)
  object space 21504K, 25% used [0x00000000bae00000,0x00000000bb358170,0x00000000bc300000)
Event: 13.761 GC heap after
Heap after GC invocations=4 (full 0):
 PSYoungGen      total 53760K, used 3552K [0x00000000eaa80000, 0x00000000ee280000, 0x0000000100000000)
  eden space 50176K, 0% used [0x00000000eaa80000,0x00000000eaa80000,0x00000000edb80000)
  from space 3584K, 99% used [0x00000000edf00000,0x00000000ee278170,0x00000000ee280000)
  to   space 3584K, 0% used [0x00000000edb80000,0x00000000edb80000,0x00000000edf00000)
 ParOldGen       total 64512K, used 13402K [0x00000000c0000000, 0x00000000c3f00000, 0x00000000eaa80000)
  object space 64512K, 20% used [0x00000000c0000000,0x00000000c0d16880,0x00000000c3f00000)
 PSPermGen       total 21504K, used 5472K [0x00000000bae00000, 0x00000000bc300000, 0x00000000c0000000)
  object space 21504K, 25% used [0x00000000bae00000,0x00000000bb358170,0x00000000bc300000)
}
Event: 15.745 GC heap before
{Heap before GC invocations=5 (full 0):
 PSYoungGen      total 53760K, used 53728K [0x00000000eaa80000, 0x00000000ee280000, 0x0000000100000000)
  eden space 50176K, 100% used [0x00000000eaa80000,0x00000000edb80000,0x00000000edb80000)
  from space 3584K, 99% used [0x00000000edf00000,0x00000000ee278170,0x00000000ee280000)
  to   space 3584K, 0% used [0x00000000edb80000,0x00000000edb80000,0x00000000edf00000)
 ParOldGen       total 64512K, used 13402K [0x00000000c0000000, 0x00000000c3f00000, 0x00000000eaa80000)
  object space 64512K, 20% used [0x00000000c0000000,0x00000000c0d16880,0x00000000c3f00000)
 PSPermGen       total 21504K, used 5506K [0x00000000bae00000, 0x00000000bc300000, 0x00000000c0000000)
  object space 21504K, 25% used [0x00000000bae00000,0x00000000bb360a70,0x00000000bc300000)
Event: 15.805 GC heap after
Heap after GC invocations=5 (full 0):
 PSYoungGen      total 53760K, used 3554K [0x00000000eaa80000, 0x00000000f2480000, 0x0000000100000000)
  eden space 50176K, 0% used [0x00000000eaa80000,0x00000000eaa80000,0x00000000edb80000)
  from space 3584K, 99% used [0x00000000edb80000,0x00000000edef8930,0x00000000edf00000)
  to   space 12288K, 0% used [0x00000000f1880000,0x00000000f1880000,0x00000000f2480000)
 ParOldGen       total 64512K, used 22278K [0x00000000c0000000, 0x00000000c3f00000, 0x00000000eaa80000)
  object space 64512K, 34% used [0x00000000c0000000,0x00000000c15c1888,0x00000000c3f00000)
 PSPermGen       total 21504K, used 5506K [0x00000000bae00000, 0x00000000bc300000, 0x00000000c0000000)
  object space 21504K, 25% used [0x00000000bae00000,0x00000000bb360a70,0x00000000bc300000)
}
Event: 16.618 GC heap before
{Heap before GC invocations=6 (full 0):
 PSYoungGen      total 53760K, used 53730K [0x00000000eaa80000, 0x00000000f2480000, 0x0000000100000000)
  eden space 50176K, 100% used [0x00000000eaa80000,0x00000000edb80000,0x00000000edb80000)
  from space 3584K, 99% used [0x00000000edb80000,0x00000000edef8930,0x00000000edf00000)
  to   space 12288K, 0% used [0x00000000f1880000,0x00000000f1880000,0x00000000f2480000)
 ParOldGen       total 64512K, used 22278K [0x00000000c0000000, 0x00000000c3f00000, 0x00000000eaa80000)
  object space 64512K, 34% used [0x00000000c0000000,0x00000000c15c1888,0x00000000c3f00000)
 PSPermGen       total 21504K, used 5528K [0x00000000bae00000, 0x00000000bc300000, 0x00000000c0000000)
  object space 21504K, 25% used [0x00000000bae00000,0x00000000bb3663b8,0x00000000bc300000)
Event: 16.691 GC heap after
Heap after GC invocations=6 (full 0):
 PSYoungGen      total 111104K, used 11682K [0x00000000eaa80000, 0x00000000f2780000, 0x0000000100000000)
  eden space 98816K, 0% used [0x00000000eaa80000,0x00000000eaa80000,0x00000000f0b00000)
  from space 12288K, 95% used [0x00000000f1880000,0x00000000f23e8b98,0x00000000f2480000)
  to   space 13824K, 0% used [0x00000000f0b00000,0x00000000f0b00000,0x00000000f1880000)
 ParOldGen       total 64512K, used 22278K [0x00000000c0000000, 0x00000000c3f00000, 0x00000000eaa80000)
  object space 64512K, 34% used [0x00000000c0000000,0x00000000c15c1888,0x00000000c3f00000)
 PSPermGen       total 21504K, used 5528K [0x00000000bae00000, 0x00000000bc300000, 0x00000000c0000000)
  object space 21504K, 25% used [0x00000000bae00000,0x00000000bb3663b8,0x00000000bc300000)
}

Deoptimization events (10 events):
Event: 12.841 Thread 0x00000000024ae000 Uncommon trap: reason=unreached action=reinterpret pc=0x00000000025ceef0 method=com.android.dx.cf.code.BaseMachine.getLocalTarget(Z)Lcom/android/dx/rop/code/RegisterSpec; @ 131
Event: 12.842 Thread 0x00000000024ae000 Uncommon trap: reason=unreached action=reinterpret pc=0x000000000265d7dc method=com.android.dx.cf.code.BaseMachine.getLocalTarget(Z)Lcom/android/dx/rop/code/RegisterSpec; @ 131
Event: 13.515 Thread 0x00000000024ae000 Uncommon trap: reason=null_check action=make_not_entrant pc=0x00000000026d54b0 method=com.android.dx.dex.file.MethodIdsSection.intern(Lcom/android/dx/rop/cst/CstBaseMethodRef;)Lcom/android/dx/dex/file/MethodIdItem; @ 26
Event: 13.649 Thread 0x00000000024ae000 Uncommon trap: reason=bimorphic action=maybe_recompile pc=0x000000000268452c method=com.android.dx.cf.code.RopperMachine.run(Lcom/android/dx/cf/code/Frame;II)V @ 310
Event: 13.881 Thread 0x00000000024ae000 Uncommon trap: reason=unreached action=reinterpret pc=0x000000000259a9b0 method=com.android.dx.rop.code.LocalVariableExtractor.processBlock(I)V @ 195
Event: 14.294 Thread 0x00000000024ae000 Uncommon trap: reason=null_check action=make_not_entrant pc=0x000000000256b940 method=com.android.dx.dex.file.FieldIdsSection.intern(Lcom/android/dx/rop/cst/CstFieldRef;)Lcom/android/dx/dex/file/FieldIdItem; @ 26
Event: 16.394 Thread 0x00000000024ae000 Uncommon trap: reason=bimorphic action=maybe_recompile pc=0x000000000268452c method=com.android.dx.cf.code.RopperMachine.run(Lcom/android/dx/cf/code/Frame;II)V @ 310
Event: 16.394 Thread 0x00000000024ae000 Uncommon trap: reason=bimorphic action=maybe_recompile pc=0x000000000268452c method=com.android.dx.cf.code.RopperMachine.run(Lcom/android/dx/cf/code/Frame;II)V @ 310
Event: 16.502 Thread 0x00000000024ae000 Uncommon trap: reason=unreached action=reinterpret pc=0x0000000002576bcc method=com.android.dx.ssa.SCCP.simulateBranch(Lcom/android/dx/ssa/SsaInsn;)V @ 132
Event: 16.503 Thread 0x00000000024ae000 Uncommon trap: reason=unloaded action=reinterpret pc=0x0000000002613fd4 method=com.android.dx.ssa.LiteralOpUpgrader$1.visitNonMoveInsn(Lcom/android/dx/ssa/NormalSsaInsn;)V @ 72

Internal exceptions (4 events):
Event: 3.453 Thread 0x00000000024ae000 Threw 0x00000000eaa8b8e8 at C:\re\jdk7u67\1368\hotspot\src\share\vm\prims\jni.cpp:3991
Event: 10.303 Thread 0x00000000024ae000 Implicit null exception at 0x0000000002553112 to 0x0000000002553211
Event: 10.504 Thread 0x00000000024ae000 Implicit null exception at 0x0000000002592a38 to 0x0000000002593599
Event: 11.291 Thread 0x00000000024ae000 Implicit null exception at 0x00000000025a15b3 to 0x00000000025a1c91

Events (10 events):
Event: 16.502 Thread 0x00000000024ae000 DEOPT UNPACKING pc=0x00000000024e75a4 sp=0x000000000243ec88 mode 2
Event: 16.503 Thread 0x00000000024ae000 Uncommon trap: trap_request=0x0000004e fr.pc=0x0000000002613fd4
Event: 16.503 loading class 0x000000000a69e7b0
Event: 16.503 loading class 0x000000000a69e7b0 done
Event: 16.504 Thread 0x00000000024ae000 DEOPT PACKING pc=0x0000000002613fd4 sp=0x000000000243ecd0
Event: 16.504 Thread 0x00000000024ae000 DEOPT UNPACKING pc=0x00000000024e75a4 sp=0x000000000243ec78 mode 2
Event: 16.618 Executing VM operation: ParallelGCFailedAllocation
Event: 16.691 Executing VM operation: ParallelGCFailedAllocation done
Event: 16.936 Thread 0x00000000085c0000 flushing nmethod 0x00000000025ce890
Event: 17.404 Thread 0x00000000085c0000 flushing nmethod 0x000000000265d150


Dynamic libraries:
0x000000013f070000 - 0x000000013f0a3000 	C:\PROGRA~1\Java\jre7\bin\java.exe
0x0000000076e10000 - 0x0000000076fb9000 	C:\Windows\SYSTEM32\ntdll.dll
0x0000000076730000 - 0x000000007684f000 	C:\Windows\system32\kernel32.dll
0x000007fefd5d0000 - 0x000007fefd63c000 	C:\Windows\system32\KERNELBASE.dll
0x000007fefde50000 - 0x000007fefdf2b000 	C:\Windows\system32\ADVAPI32.dll
0x000007fefddb0000 - 0x000007fefde4f000 	C:\Windows\system32\msvcrt.dll
0x000007fefdf30000 - 0x000007fefdf4f000 	C:\Windows\SYSTEM32\sechost.dll
0x000007fefdb30000 - 0x000007fefdc5d000 	C:\Windows\system32\RPCRT4.dll
0x0000000076d10000 - 0x0000000076e0a000 	C:\Windows\system32\USER32.dll
0x000007fefdf50000 - 0x000007fefdfb7000 	C:\Windows\system32\GDI32.dll
0x000007fefd640000 - 0x000007fefd64e000 	C:\Windows\system32\LPK.dll
0x000007fefdc60000 - 0x000007fefdd29000 	C:\Windows\system32\USP10.dll
0x000007fefa9b0000 - 0x000007fefaba4000 	C:\Windows\WinSxS\amd64_microsoft.windows.common-controls_6595b64144ccf1df_6.0.7601.17514_none_fa396087175ac9ac\COMCTL32.dll
0x000007fefdd30000 - 0x000007fefdda1000 	C:\Windows\system32\SHLWAPI.dll
0x000007fefd6f0000 - 0x000007fefd71e000 	C:\Windows\system32\IMM32.DLL
0x000007fefe040000 - 0x000007fefe149000 	C:\Windows\system32\MSCTF.dll
0x000000005acb0000 - 0x000000005ad82000 	C:\PROGRA~1\Java\jre7\bin\msvcr100.dll
0x000000005a4d0000 - 0x000000005aca2000 	C:\PROGRA~1\Java\jre7\bin\server\jvm.dll
0x000007fef5e60000 - 0x000007fef5e69000 	C:\Windows\system32\WSOCK32.dll
0x000007fefe160000 - 0x000007fefe1ad000 	C:\Windows\system32\WS2_32.dll
0x000007fefe150000 - 0x000007fefe158000 	C:\Windows\system32\NSI.dll
0x000007fefbe60000 - 0x000007fefbe9b000 	C:\Windows\system32\WINMM.dll
0x0000000076fd0000 - 0x0000000076fd7000 	C:\Windows\system32\PSAPI.DLL
0x00000000742f0000 - 0x00000000742ff000 	C:\PROGRA~1\Java\jre7\bin\verify.dll
0x0000000066810000 - 0x0000000066838000 	C:\PROGRA~1\Java\jre7\bin\java.dll
0x000000006b780000 - 0x000000006b795000 	C:\PROGRA~1\Java\jre7\bin\zip.dll
0x0000000060d60000 - 0x0000000060d79000 	C:\Program Files\Java\jre7\bin\net.dll
0x000007fefcae0000 - 0x000007fefcb35000 	C:\Windows\system32\mswsock.dll
0x000007fefcad0000 - 0x000007fefcad7000 	C:\Windows\System32\wship6.dll
0x0000000060d40000 - 0x0000000060d51000 	C:\Program Files\Java\jre7\bin\nio.dll

VM Arguments:
jvm_args: -Xmx1024M -Xss1m -Djava.ext.dirs=C:\Users\mahdi\AppData\Local\Android\sdk\build-tools\21.1.2\lib 
java_command: C:\Users\mahdi\AppData\Local\Android\sdk\build-tools\21.1.2\lib\dx.jar --dex --output C:\Users\mahdi\AndroidStudioProjects\Doctor\app\build\intermediates\pre-dexed\debug\classes-5565f37ab5efc281b74025b715e1bf257127f7c2.jar C:\Users\mahdi\AndroidStudioProjects\Doctor\app\build\intermediates\exploded-aar\com.android.support\support-v4\21.0.3\classes.jar
Launcher Type: SUN_STANDARD

Environment Variables:
PATH=C:\Program Files (x86)\Intel\iCLS Client\;C:\Program Files\Intel\iCLS Client\;C:\Program Files\Common Files\Microsoft Shared\Windows Live;C:\Program Files (x86)\Common Files\Microsoft Shared\Windows Live;C:\Windows\system32;C:\Windows;C:\Windows\System32\Wbem;C:\Windows\System32\WindowsPowerShell\v1.0\;C:\Program Files (x86)\Windows Live\Shared;C:\Program Files (x86)\Intel\OpenCL SDK\2.0\bin\x86;C:\Program Files (x86)\Intel\OpenCL SDK\2.0\bin\x64;C:\Program Files\Intel\Intel(R) Management Engine Components\DAL;C:\Program Files\Intel\Intel(R) Management Engine Components\IPT;C:\Program Files (x86)\Intel\Intel(R) Management Engine Components\DAL;C:\Program Files (x86)\Intel\Intel(R) Management Engine Components\IPT;C:\Program Files (x86)\Common Files\Roxio Shared\DLLShared\;C:\Program Files (x86)\Common Files\Roxio Shared\12.0\DLLShared\;C:\Program Files\MATLAB\R2013a\runtime\win64;C:\Program Files\MATLAB\R2013a\bin
USERNAME=mahdi
OS=Windows_NT
PROCESSOR_IDENTIFIER=Intel64 Family 6 Model 42 Stepping 7, GenuineIntel



---------------  S Y S T E M  ---------------

OS: Windows 7 , 64 bit Build 7601 Service Pack 1

CPU:total 4 (2 cores per cpu, 2 threads per core) family 6 model 42 stepping 7, cmov, cx8, fxsr, mmx, sse, sse2, sse3, ssse3, sse4.1, sse4.2, popcnt, avx, ht, tsc, tscinvbit

Memory: 4k page, physical 6189424k(1076152k free), swap 6187572k(7736k free)

vm_info: Java HotSpot(TM) 64-Bit Server VM (24.65-b04) for windows-amd64 JRE (1.7.0_67-b01), built on Jul 25 2014 08:55:00 by "java_re" with unknown MS VC++:1600

time: Sat Jan 31 14:22:43 2015
elapsed time: 17 seconds

